0 verbose cli C:\Program Files\nodejs\node.exe C:\Program Files\nodejs\node_modules\npm\bin\npm-cli.js
1 info using npm@10.1.0
2 info using node@v20.9.0
3 timing npm:load:whichnode Completed in 5ms
4 timing config:load:defaults Completed in 4ms
5 timing config:load:file:C:\Program Files\nodejs\node_modules\npm\npmrc Completed in 9ms
6 timing config:load:builtin Completed in 9ms
7 timing config:load:cli Completed in 4ms
8 timing config:load:env Completed in 2ms
9 timing config:load:file:C:\Users\USER\Desktop\ìƒˆ í´ë”\.npmrc Completed in 0ms
10 timing config:load:project Completed in 4ms
11 timing config:load:file:C:\Users\USER\.npmrc Completed in 1ms
12 timing config:load:user Completed in 1ms
13 timing config:load:file:C:\Users\USER\AppData\Roaming\npm\etc\npmrc Completed in 1ms
14 timing config:load:global Completed in 1ms
15 timing config:load:setEnvs Completed in 1ms
16 timing config:load Completed in 26ms
17 timing npm:load:configload Completed in 26ms
18 timing config:load:flatten Completed in 5ms
19 timing npm:load:mkdirpcache Completed in 0ms
20 timing npm:load:mkdirplogs Completed in 0ms
21 verbose title npm init vite
22 verbose argv "init" "vite"
23 timing npm:load:setTitle Completed in 1ms
24 timing npm:load:display Completed in 1ms
25 verbose logfile logs-max:10 dir:C:\Users\USER\Desktop\ìƒˆ í´ë”\pathtonpm-cache\_logs\2023-11-26T06_52_33_827Z-
26 verbose logfile C:\Users\USER\Desktop\ìƒˆ í´ë”\pathtonpm-cache\_logs\2023-11-26T06_52_33_827Z-debug-0.log
27 timing npm:load:logFile Completed in 29ms
28 timing npm:load:timers Completed in 0ms
29 timing npm:load:configScope Completed in 0ms
30 timing npm:load Completed in 121ms
31 timing arborist:ctor Completed in 1ms
32 silly logfile done cleaning log files
33 http fetch GET 200 https://registry.npmjs.org/npm 586ms (cache miss)
34 http fetch GET 200 https://registry.npmjs.org/create-vite 1002ms (cache miss)
35 timing arborist:ctor Completed in 0ms
36 timing arborist:ctor Completed in 0ms
37 timing idealTree:init Completed in 8ms
38 timing idealTree:userRequests Completed in 1ms
39 silly idealTree buildDeps
40 silly fetch manifest create-vite@5.0.0
41 http fetch GET 200 https://registry.npmjs.org/create-vite 21ms (cache hit)
42 silly placeDep ROOT create-vite@5.0.0 OK for:  want: 5.0.0
43 timing idealTree:#root Completed in 30ms
44 timing idealTree:node_modules/create-vite Completed in 0ms
45 timing idealTree:buildDeps Completed in 31ms
46 timing idealTree:fixDepFlags Completed in 0ms
47 timing idealTree Completed in 43ms
48 timing reify:loadTrees Completed in 44ms
49 timing reify:diffTrees Completed in 1ms
50 silly reify moves {}
51 timing reify:retireShallow Completed in 2ms
52 timing reify:createSparse Completed in 9ms
53 timing reify:loadBundles Completed in 0ms
54 silly audit bulk request { 'create-vite': [ '5.0.0' ] }
55 silly tarball no local data for create-vite@https://registry.npmjs.org/create-vite/-/create-vite-5.0.0.tgz. Extracting by manifest.
56 http fetch POST 200 https://registry.npmjs.org/-/npm/v1/security/advisories/bulk 216ms
57 timing auditReport:getReport Completed in 218ms
58 silly audit report {}
59 timing auditReport:init Completed in 0ms
60 timing reify:audit Completed in 220ms
61 http fetch GET 200 https://registry.npmjs.org/create-vite/-/create-vite-5.0.0.tgz 877ms (cache miss)
62 timing reifyNode:node_modules/create-vite Completed in 898ms
63 timing reify:unpack Completed in 899ms
64 timing reify:unretire Completed in 1ms
65 timing build:queue Completed in 2ms
66 timing build:link:node_modules/create-vite Completed in 50ms
67 timing build:link Completed in 50ms
68 timing build:deps Completed in 53ms
69 timing build Completed in 53ms
70 timing reify:build Completed in 53ms
71 timing reify:trash Completed in 0ms
72 timing reify:save Completed in 16ms
73 timing reify Completed in 1043ms
74 timing command:init Completed in 20267ms
75 notice
75 notice New [33mminor[39m version of npm available! [31m10.1.0[39m -> [32m10.2.4[39m
75 notice Changelog: [36mhttps://github.com/npm/cli/releases/tag/v10.2.4[39m
75 notice Run [32mnpm install -g npm@10.2.4[39m to update!
75 notice
76 verbose exit 0
77 timing npm Completed in 21448ms
78 info ok
