0 verbose cli C:\Program Files\nodejs\node.exe C:\Program Files\nodejs\node_modules\npm\bin\npm-cli.js
1 info using npm@10.1.0
2 info using node@v20.9.0
3 timing npm:load:whichnode Completed in 3ms
4 timing config:load:defaults Completed in 3ms
5 timing config:load:file:C:\Program Files\nodejs\node_modules\npm\npmrc Completed in 5ms
6 timing config:load:builtin Completed in 5ms
7 timing config:load:cli Completed in 3ms
8 timing config:load:env Completed in 1ms
9 timing config:load:file:C:\Users\USER\Desktop\새 폴더\.npmrc Completed in 0ms
10 timing config:load:project Completed in 4ms
11 timing config:load:file:C:\Users\USER\.npmrc Completed in 1ms
12 timing config:load:user Completed in 1ms
13 timing config:load:file:C:\Users\USER\AppData\Roaming\npm\etc\npmrc Completed in 1ms
14 timing config:load:global Completed in 1ms
15 timing config:load:setEnvs Completed in 1ms
16 timing config:load Completed in 19ms
17 timing npm:load:configload Completed in 19ms
18 timing config:load:flatten Completed in 4ms
19 timing npm:load:mkdirpcache Completed in 1ms
20 timing npm:load:mkdirplogs Completed in 0ms
21 verbose title npm start
22 verbose argv "start"
23 timing npm:load:setTitle Completed in 2ms
24 timing npm:load:display Completed in 0ms
25 verbose logfile logs-max:10 dir:C:\Users\USER\Desktop\새 폴더\pathtonpm-cache\_logs\2023-11-27T01_09_56_338Z-
26 verbose logfile C:\Users\USER\Desktop\새 폴더\pathtonpm-cache\_logs\2023-11-27T01_09_56_338Z-debug-0.log
27 timing npm:load:logFile Completed in 52ms
28 timing npm:load:timers Completed in 0ms
29 timing npm:load:configScope Completed in 0ms
30 timing npm:load Completed in 120ms
31 timing command:run-script Completed in 3ms
32 timing command:start Completed in 36ms
33 verbose stack Error: Could not read package.json: Error: ENOENT: no such file or directory, open 'C:\Users\USER\Desktop\새 폴더\package.json'
34 verbose cwd C:\Users\USER\Desktop\새 폴더
35 verbose Windows_NT 10.0.19045
36 verbose node v20.9.0
37 verbose npm  v10.1.0
38 error code ENOENT
39 error syscall open
40 error path C:\Users\USER\Desktop\새 폴더\package.json
41 error errno -4058
42 error enoent Could not read package.json: Error: ENOENT: no such file or directory, open 'C:\Users\USER\Desktop\새 폴더\package.json'
43 error enoent This is related to npm not being able to find a file.
43 error enoent
44 verbose exit -4058
45 timing npm Completed in 320ms
46 verbose code -4058
47 error A complete log of this run can be found in: C:\Users\USER\Desktop\새 폴더\pathtonpm-cache\_logs\2023-11-27T01_09_56_338Z-debug-0.log
